2026-06-02 18:02:09,550 - INFO - Starting Hybrid Method Web Scraping System
2026-06-02 18:02:09,550 - INFO - --- STARTING STEP 4: FETCH PROJECTS & SUBDIVISIONS ---
2026-06-02 18:02:09,942 - INFO - Saved 47 projects and 40 subdivisions.
2026-06-02 18:02:09,942 - INFO - --- STARTING STEP 5: FETCH PROJECT PRICING ---
2026-06-02 18:02:09,942 - INFO - Fetching pricing for project/subdivision ID: f9741ca5-ff91-199f-dc96-597b7fbc4ed6
2026-06-02 18:02:11,751 - INFO - Fetching pricing for project/subdivision ID: d0ba6d54-b4b6-f3f8-4c9a-102fcf128e34
2026-06-02 18:02:13,508 - INFO - Fetching pricing for project/subdivision ID: f2500d09-eacc-d3ee-b61b-be93b3848986
2026-06-02 18:02:15,257 - INFO - Fetching pricing for project/subdivision ID: 91b79dac-a15a-1f62-314d-d3325ec37dbc
2026-06-02 18:02:16,983 - INFO - Fetching pricing for project/subdivision ID: 4250d898-c06c-5486-74cb-a04cd208c2be
2026-06-02 18:02:18,711 - INFO - Fetching pricing for project/subdivision ID: d3b4a32e-7e34-56c8-1ea6-2a8c407f1bc3
2026-06-02 18:02:20,474 - INFO - Fetching pricing for project/subdivision ID: 18273b95-7c3b-346d-3282-d4cb066d6c69
2026-06-02 18:02:22,181 - INFO - Fetching pricing for project/subdivision ID: 7e20603c-69e1-c764-6c9c-29758c9db3a6
2026-06-02 18:02:23,894 - INFO - Fetching pricing for project/subdivision ID: 9d6c4339-184c-8d01-9021-f9877b6c98a0
2026-06-02 18:02:25,613 - INFO - Fetching pricing for project/subdivision ID: 7e86c3d3-c12a-52e1-88cf-a4d3be05927b
2026-06-02 18:02:27,323 - INFO - Fetching pricing for project/subdivision ID: de03e79d-23d7-9e39-389e-ea81d5ee6a9e
2026-06-02 18:02:29,067 - INFO - Fetching pricing for project/subdivision ID: 557abdb7-44b6-02ce-9375-f52fc6881285
2026-06-02 18:02:30,788 - INFO - Fetching pricing for project/subdivision ID: 027f12d0-25af-4c0d-ab68-2cea3e335418
2026-06-02 18:02:32,544 - INFO - Fetching pricing for project/subdivision ID: b05d6b99-2fb2-438d-b8c7-8e87b473ff4e
2026-06-02 18:02:34,268 - INFO - Fetching pricing for project/subdivision ID: ddd3d8ab-be53-e085-ad50-e63d2bcc253a
2026-06-02 18:02:35,983 - INFO - Fetching pricing for project/subdivision ID: bd60530c-1bd0-022e-ba1c-30fd5a037c76
2026-06-02 18:02:37,736 - INFO - Fetching pricing for project/subdivision ID: 6b881bf2-d57d-7f4a-7956-0b54cd5bfef6
2026-06-02 18:02:39,516 - INFO - Fetching pricing for project/subdivision ID: c3b15594-5010-ca48-e313-7cfa00be9d54
2026-06-02 18:02:41,235 - INFO - Fetching pricing for project/subdivision ID: 0f43de0d-0921-2853-0550-f59fb35d3ff3
2026-06-02 18:02:42,952 - INFO - Fetching pricing for project/subdivision ID: 0e5551c0-3063-c10e-2f85-0dddc81caa1f
2026-06-02 18:02:44,696 - INFO - Fetching pricing for project/subdivision ID: cc706bcb-eb12-49eb-b162-84221693e00b
2026-06-02 18:02:46,471 - INFO - Fetching pricing for project/subdivision ID: 78207126-e405-258a-10b4-c3920bd1f7b0
2026-06-02 18:02:48,218 - INFO - Fetching pricing for project/subdivision ID: b943cde2-0427-945e-18af-27b59aa76341
2026-06-02 18:02:50,007 - INFO - Fetching pricing for project/subdivision ID: d2ff358b-21c0-366d-efca-0c77bb8096a0
2026-06-02 18:02:51,807 - INFO - Fetching pricing for project/subdivision ID: 01873ce9-1a10-f402-c626-788203147830
2026-06-02 18:02:53,512 - INFO - Fetching pricing for project/subdivision ID: afbdfc7a-a6ab-0168-c318-07850a84b95f
2026-06-02 18:02:55,251 - INFO - Fetching pricing for project/subdivision ID: 44464a22-247b-b941-468a-cf48ba677827
2026-06-02 18:02:56,975 - INFO - Fetching pricing for project/subdivision ID: 7650a01a-dd7c-4292-acf8-6451c8316581
2026-06-02 18:02:58,692 - INFO - Fetching pricing for project/subdivision ID: 69af5bf9-ba4a-72b1-cbd3-a8e3f9caaaa6
2026-06-02 18:03:00,440 - INFO - Fetching pricing for project/subdivision ID: 3860c78b-fc00-dfde-cdf5-1d6dac46992a
2026-06-02 18:03:02,240 - INFO - Fetching pricing for project/subdivision ID: c8db61f8-8ceb-db93-68c8-db5f6fa4661a
2026-06-02 18:03:03,983 - INFO - Fetching pricing for project/subdivision ID: 2467d04f-643e-49a2-2250-842f72d0b78e
2026-06-02 18:03:05,701 - INFO - Fetching pricing for project/subdivision ID: 57b3fcbe-bf09-7238-3e43-2e2abad95ed5
2026-06-02 18:03:07,770 - INFO - Fetching pricing for project/subdivision ID: 64efaaae-236a-67c0-3e3d-a60ebefcf658
2026-06-02 18:03:09,575 - INFO - Fetching pricing for project/subdivision ID: 30808c15-ddc2-de67-f504-6cfee8e9e7cf
2026-06-02 18:03:11,545 - INFO - Fetching pricing for project/subdivision ID: ddc3d9cc-f889-dc2c-6f46-be415f145e6d
2026-06-02 18:03:13,403 - INFO - Fetching pricing for project/subdivision ID: 386a1c11-04fa-911a-1b81-98b42dca1bda
2026-06-02 18:03:15,187 - INFO - Fetching pricing for project/subdivision ID: 00f8f36e-4748-f90f-6959-8d812a018d8f
2026-06-02 18:03:18,932 - INFO - Fetching pricing for project/subdivision ID: 36178c1d-bab0-fa6c-d895-f874b92590f6
2026-06-02 18:03:20,671 - INFO - Fetching pricing for project/subdivision ID: 3a404699-a761-f080-ba5c-c4359185566e
2026-06-02 18:03:22,471 - INFO - Fetching pricing for project/subdivision ID: 1effb236-56e7-11eb-ae93-0242ac130002
2026-06-02 18:03:24,482 - INFO - Fetching pricing for project/subdivision ID: e8acc3a5-b543-cc29-ae76-8cde03750a42
