2026-06-02 11:03:51,753 - INFO - Starting Project Level Scraper Pipeline...
2026-06-02 11:03:51,753 - INFO - Initializing Seed List with Vinhomes projects...
2026-06-02 11:03:52,088 - INFO - Successfully extracted 9 Vinhomes projects for the queue.
2026-06-02 11:03:52,089 - INFO - Progress: 0/9
2026-06-02 11:03:52,089 - INFO - Processing Project ID: cf917354-48bf-11eb-b378-0242ac130002
2026-06-02 11:03:53,565 - ERROR - API Error 405 for URL: https://api.onehousing.vn/onehousing-channel/v1/insights/projects/cf917354-48bf-11eb-b378-0242ac130002/price-history
2026-06-02 11:03:54,783 - ERROR - API Error 405 for URL: https://api.onehousing.vn/onehousing-channel/v1/insights/projects/cf917354-48bf-11eb-b378-0242ac130002/price-chart
2026-06-02 11:03:56,079 - ERROR - API Error 404 for URL: https://api.onehousing.vn/onehousing-channel/v1/insights/projects/cf917354-48bf-11eb-b378-0242ac130002/surrounding?page=0&size=20
2026-06-02 11:03:56,079 - INFO - Trying fallback URL for surrounding: https://api.onehousing.vn/onehousing-channel/v1/insights/projects/surrounding?page=0&size=20&projectId=cf917354-48bf-11eb-b378-0242ac130002
2026-06-02 11:03:58,492 - INFO - Finished processing Project ID: cf917354-48bf-11eb-b378-0242ac130002
2026-06-02 11:03:58,492 - INFO - Progress: 1/9
2026-06-02 11:03:58,493 - INFO - Processing Project ID: 16a7f900-56e6-11eb-ae93-0242ac130002
2026-06-02 11:04:00,166 - ERROR - API Error 405 for URL: https://api.onehousing.vn/onehousing-channel/v1/insights/projects/16a7f900-56e6-11eb-ae93-0242ac130002/price-history
2026-06-02 11:04:01,365 - ERROR - API Error 405 for URL: https://api.onehousing.vn/onehousing-channel/v1/insights/projects/16a7f900-56e6-11eb-ae93-0242ac130002/price-chart
2026-06-02 11:04:02,626 - ERROR - API Error 404 for URL: https://api.onehousing.vn/onehousing-channel/v1/insights/projects/16a7f900-56e6-11eb-ae93-0242ac130002/surrounding?page=0&size=20
2026-06-02 11:04:02,627 - INFO - Trying fallback URL for surrounding: https://api.onehousing.vn/onehousing-channel/v1/insights/projects/surrounding?page=0&size=20&projectId=16a7f900-56e6-11eb-ae93-0242ac130002
2026-06-02 11:04:03,994 - INFO - Finished processing Project ID: 16a7f900-56e6-11eb-ae93-0242ac130002
2026-06-02 11:04:03,994 - INFO - Progress: 2/9
2026-06-02 11:04:03,994 - INFO - Processing Project ID: b05d6b99-2fb2-438d-b8c7-8e87b473ff4e
2026-06-02 11:04:05,422 - ERROR - API Error 405 for URL: https://api.onehousing.vn/onehousing-channel/v1/insights/projects/b05d6b99-2fb2-438d-b8c7-8e87b473ff4e/price-history
2026-06-02 11:04:06,618 - ERROR - API Error 405 for URL: https://api.onehousing.vn/onehousing-channel/v1/insights/projects/b05d6b99-2fb2-438d-b8c7-8e87b473ff4e/price-chart
2026-06-02 11:04:07,910 - ERROR - API Error 404 for URL: https://api.onehousing.vn/onehousing-channel/v1/insights/projects/b05d6b99-2fb2-438d-b8c7-8e87b473ff4e/surrounding?page=0&size=20
2026-06-02 11:04:07,910 - INFO - Trying fallback URL for surrounding: https://api.onehousing.vn/onehousing-channel/v1/insights/projects/surrounding?page=0&size=20&projectId=b05d6b99-2fb2-438d-b8c7-8e87b473ff4e
2026-06-02 11:04:09,287 - INFO - Finished processing Project ID: b05d6b99-2fb2-438d-b8c7-8e87b473ff4e
2026-06-02 11:04:09,288 - INFO - Progress: 3/9
2026-06-02 11:04:09,288 - INFO - Processing Project ID: 78207126-e405-258a-10b4-c3920bd1f7b0
2026-06-02 11:04:10,953 - ERROR - API Error 405 for URL: https://api.onehousing.vn/onehousing-channel/v1/insights/projects/78207126-e405-258a-10b4-c3920bd1f7b0/price-history
2026-06-02 11:04:12,106 - ERROR - API Error 405 for URL: https://api.onehousing.vn/onehousing-channel/v1/insights/projects/78207126-e405-258a-10b4-c3920bd1f7b0/price-chart
2026-06-02 11:04:13,209 - ERROR - API Error 404 for URL: https://api.onehousing.vn/onehousing-channel/v1/insights/projects/78207126-e405-258a-10b4-c3920bd1f7b0/surrounding?page=0&size=20
2026-06-02 11:04:13,210 - INFO - Trying fallback URL for surrounding: https://api.onehousing.vn/onehousing-channel/v1/insights/projects/surrounding?page=0&size=20&projectId=78207126-e405-258a-10b4-c3920bd1f7b0
2026-06-02 11:04:14,516 - INFO - Finished processing Project ID: 78207126-e405-258a-10b4-c3920bd1f7b0
2026-06-02 11:04:14,517 - INFO - Progress: 4/9
2026-06-02 11:04:14,517 - INFO - Processing Project ID: 6e695613-0a81-b747-428d-aaa4b42e0934
2026-06-02 11:04:16,099 - ERROR - API Error 405 for URL: https://api.onehousing.vn/onehousing-channel/v1/insights/projects/6e695613-0a81-b747-428d-aaa4b42e0934/price-history
2026-06-02 11:04:17,414 - ERROR - API Error 405 for URL: https://api.onehousing.vn/onehousing-channel/v1/insights/projects/6e695613-0a81-b747-428d-aaa4b42e0934/price-chart
2026-06-02 11:04:18,613 - ERROR - API Error 404 for URL: https://api.onehousing.vn/onehousing-channel/v1/insights/projects/6e695613-0a81-b747-428d-aaa4b42e0934/surrounding?page=0&size=20
2026-06-02 11:04:18,613 - INFO - Trying fallback URL for surrounding: https://api.onehousing.vn/onehousing-channel/v1/insights/projects/surrounding?page=0&size=20&projectId=6e695613-0a81-b747-428d-aaa4b42e0934
2026-06-02 11:04:19,979 - INFO - Finished processing Project ID: 6e695613-0a81-b747-428d-aaa4b42e0934
2026-06-02 11:04:19,980 - INFO - Progress: 5/9
2026-06-02 11:04:19,980 - INFO - Processing Project ID: f2500d09-eacc-d3ee-b61b-be93b3848986
2026-06-02 11:04:21,377 - ERROR - API Error 405 for URL: https://api.onehousing.vn/onehousing-channel/v1/insights/projects/f2500d09-eacc-d3ee-b61b-be93b3848986/price-history
2026-06-02 11:04:22,596 - ERROR - API Error 405 for URL: https://api.onehousing.vn/onehousing-channel/v1/insights/projects/f2500d09-eacc-d3ee-b61b-be93b3848986/price-chart
2026-06-02 11:04:23,816 - ERROR - API Error 404 for URL: https://api.onehousing.vn/onehousing-channel/v1/insights/projects/f2500d09-eacc-d3ee-b61b-be93b3848986/surrounding?page=0&size=20
2026-06-02 11:04:23,816 - INFO - Trying fallback URL for surrounding: https://api.onehousing.vn/onehousing-channel/v1/insights/projects/surrounding?page=0&size=20&projectId=f2500d09-eacc-d3ee-b61b-be93b3848986
2026-06-02 11:04:25,190 - INFO - Finished processing Project ID: f2500d09-eacc-d3ee-b61b-be93b3848986
2026-06-02 11:04:25,190 - INFO - Progress: 6/9
2026-06-02 11:04:25,190 - INFO - Processing Project ID: d2ff358b-21c0-366d-efca-0c77bb8096a0
2026-06-02 11:04:26,622 - ERROR - API Error 405 for URL: https://api.onehousing.vn/onehousing-channel/v1/insights/projects/d2ff358b-21c0-366d-efca-0c77bb8096a0/price-history
2026-06-02 11:04:27,815 - ERROR - API Error 405 for URL: https://api.onehousing.vn/onehousing-channel/v1/insights/projects/d2ff358b-21c0-366d-efca-0c77bb8096a0/price-chart
2026-06-02 11:04:29,023 - ERROR - API Error 404 for URL: https://api.onehousing.vn/onehousing-channel/v1/insights/projects/d2ff358b-21c0-366d-efca-0c77bb8096a0/surrounding?page=0&size=20
2026-06-02 11:04:29,023 - INFO - Trying fallback URL for surrounding: https://api.onehousing.vn/onehousing-channel/v1/insights/projects/surrounding?page=0&size=20&projectId=d2ff358b-21c0-366d-efca-0c77bb8096a0
2026-06-02 11:04:30,456 - INFO - Finished processing Project ID: d2ff358b-21c0-366d-efca-0c77bb8096a0
2026-06-02 11:04:30,457 - INFO - Progress: 7/9
2026-06-02 11:04:30,457 - INFO - Processing Project ID: 97658677-0aba-47e4-bf56-29a767748139
2026-06-02 11:04:31,878 - ERROR - API Error 405 for URL: https://api.onehousing.vn/onehousing-channel/v1/insights/projects/97658677-0aba-47e4-bf56-29a767748139/price-history
2026-06-02 11:04:33,081 - ERROR - API Error 405 for URL: https://api.onehousing.vn/onehousing-channel/v1/insights/projects/97658677-0aba-47e4-bf56-29a767748139/price-chart
2026-06-02 11:04:34,284 - ERROR - API Error 404 for URL: https://api.onehousing.vn/onehousing-channel/v1/insights/projects/97658677-0aba-47e4-bf56-29a767748139/surrounding?page=0&size=20
2026-06-02 11:04:34,285 - INFO - Trying fallback URL for surrounding: https://api.onehousing.vn/onehousing-channel/v1/insights/projects/surrounding?page=0&size=20&projectId=97658677-0aba-47e4-bf56-29a767748139
2026-06-02 11:04:35,647 - INFO - Finished processing Project ID: 97658677-0aba-47e4-bf56-29a767748139
2026-06-02 11:04:35,648 - INFO - Progress: 8/9
2026-06-02 11:04:35,648 - INFO - Processing Project ID: 1effb236-56e7-11eb-ae93-0242ac130002
2026-06-02 11:04:37,129 - ERROR - API Error 405 for URL: https://api.onehousing.vn/onehousing-channel/v1/insights/projects/1effb236-56e7-11eb-ae93-0242ac130002/price-history
2026-06-02 11:04:38,351 - ERROR - API Error 405 for URL: https://api.onehousing.vn/onehousing-channel/v1/insights/projects/1effb236-56e7-11eb-ae93-0242ac130002/price-chart
2026-06-02 11:04:39,554 - ERROR - API Error 404 for URL: https://api.onehousing.vn/onehousing-channel/v1/insights/projects/1effb236-56e7-11eb-ae93-0242ac130002/surrounding?page=0&size=20
2026-06-02 11:04:39,554 - INFO - Trying fallback URL for surrounding: https://api.onehousing.vn/onehousing-channel/v1/insights/projects/surrounding?page=0&size=20&projectId=1effb236-56e7-11eb-ae93-0242ac130002
2026-06-02 11:04:41,034 - INFO - Finished processing Project ID: 1effb236-56e7-11eb-ae93-0242ac130002
2026-06-02 11:04:41,034 - INFO - Project Level Crawler Finished! Processed 9 projects in 49.28 seconds.
