2026-06-02 11:55:56,907 - INFO - Khởi tạo Crawler với thuật toán BFS...
2026-06-02 11:55:56,907 - INFO - Resuming from /Users/nghia/Documents/web_scraping_system/Method 1: API crawling/data/properties_data.jsonl...
2026-06-02 11:55:56,908 - INFO - Loaded 51 existing properties.
2026-06-02 11:55:56,908 - INFO - Starting BFS Crawler with Seed IDs: ['DZAII9', 'MAAXVL', '5W0OGE'], Target: None
2026-06-02 11:55:56,908 - INFO - Initializing Vinhomes project filter...
2026-06-02 11:55:57,280 - INFO - Extracted 9 Vinhomes project IDs from suggestions.
2026-06-02 11:55:57,280 - INFO - Loaded 9 Vinhomes projects.
2026-06-02 11:55:57,280 - INFO - Processing ID: DZAII9 | Queue size: 53 | Saved: 51/None
2026-06-02 11:55:58,740 - INFO - Processing ID: MAAXVL | Queue size: 62 | Saved: 61/None
2026-06-02 11:56:01,598 - INFO - Processing ID: 5W0OGE | Queue size: 61 | Saved: 61/None
2026-06-02 11:56:03,671 - INFO - Processing ID: H0CEOM | Queue size: 70 | Saved: 71/None
2026-06-02 11:56:05,586 - INFO - Processing ID: V5MQXJ | Queue size: 79 | Saved: 71/None
2026-06-02 11:56:07,324 - INFO - Processing ID: K8J7B8 | Queue size: 87 | Saved: 71/None
2026-06-02 11:56:09,275 - INFO - Processing ID: P86LEF | Queue size: 94 | Saved: 71/None
2026-06-02 11:56:11,167 - INFO - Processing ID: UKWJ5O | Queue size: 101 | Saved: 71/None
2026-06-02 11:56:13,085 - INFO - Processing ID: SHIRFZ | Queue size: 108 | Saved: 71/None
2026-06-02 11:56:15,336 - INFO - Processing ID: A71QJT | Queue size: 115 | Saved: 71/None
2026-06-02 11:56:16,765 - INFO - Processing ID: NC3VAR | Queue size: 123 | Saved: 71/None
2026-06-02 11:56:19,121 - INFO - Processing ID: 4KU6AK | Queue size: 130 | Saved: 71/None
2026-06-02 11:56:21,235 - INFO - Processing ID: MTIA6F | Queue size: 135 | Saved: 71/None
2026-06-02 11:56:23,479 - INFO - Processing ID: 7LVMFB | Queue size: 141 | Saved: 71/None
2026-06-02 11:56:25,494 - INFO - Processing ID: ZKUJDA | Queue size: 140 | Saved: 71/None
2026-06-02 11:56:27,245 - INFO - Processing ID: PQVNRY | Queue size: 148 | Saved: 71/None
2026-06-02 11:56:29,706 - INFO - Processing ID: HDHZ52 | Queue size: 152 | Saved: 71/None
2026-06-02 11:56:31,995 - INFO - Processing ID: K2S7JV | Queue size: 156 | Saved: 71/None
2026-06-02 11:56:34,044 - INFO - Processing ID: E8TE62 | Queue size: 164 | Saved: 71/None
2026-06-02 11:56:35,494 - INFO - Processing ID: QJDYL6 | Queue size: 169 | Saved: 71/None
2026-06-02 11:56:38,052 - INFO - Processing ID: QSE5EO | Queue size: 175 | Saved: 71/None
2026-06-02 11:56:39,718 - INFO - Processing ID: 9HKZOQ | Queue size: 180 | Saved: 71/None
2026-06-02 11:56:41,579 - INFO - Processing ID: AK4FHN | Queue size: 185 | Saved: 71/None
2026-06-02 11:56:43,095 - INFO - Processing ID: OKWU6Y | Queue size: 188 | Saved: 71/None
2026-06-02 11:56:44,835 - INFO - Processing ID: BFFQU1 | Queue size: 191 | Saved: 71/None
2026-06-02 11:56:46,586 - INFO - Processing ID: V1DOGQ | Queue size: 190 | Saved: 71/None
2026-06-02 11:56:48,568 - INFO - Processing ID: XQ9UJU | Queue size: 191 | Saved: 71/None
2026-06-02 11:56:50,575 - INFO - Processing ID: B9J1ZV | Queue size: 198 | Saved: 71/None
2026-06-02 11:56:52,334 - INFO - Processing ID: KRAIUI | Queue size: 199 | Saved: 71/None
2026-06-02 11:56:53,859 - INFO - Processing ID: 6VFQTH | Queue size: 201 | Saved: 71/None
2026-06-02 11:56:55,926 - INFO - Processing ID: ATZZD9 | Queue size: 203 | Saved: 71/None
2026-06-02 11:56:57,777 - INFO - Processing ID: ZZWDFA | Queue size: 202 | Saved: 71/None
2026-06-02 11:56:59,368 - INFO - Processing ID: YP2JEC | Queue size: 204 | Saved: 71/None
2026-06-02 11:57:00,905 - INFO - Processing ID: B7LAVR | Queue size: 206 | Saved: 71/None
2026-06-02 11:57:02,256 - INFO - Processing ID: ETHREC | Queue size: 211 | Saved: 71/None
2026-06-02 11:57:04,106 - INFO - Processing ID: VS6KHU | Queue size: 217 | Saved: 71/None
2026-06-02 11:57:05,809 - INFO - Processing ID: IQLD3R | Queue size: 220 | Saved: 71/None
2026-06-02 11:57:07,611 - INFO - Processing ID: 4NKVXG | Queue size: 225 | Saved: 71/None
2026-06-02 11:57:09,479 - INFO - Processing ID: SDPNGO | Queue size: 229 | Saved: 71/None
2026-06-02 11:57:10,911 - INFO - Processing ID: WVMEYY | Queue size: 231 | Saved: 71/None
2026-06-02 11:57:12,707 - INFO - Processing ID: NFKSW6 | Queue size: 235 | Saved: 71/None
2026-06-02 11:57:14,825 - INFO - Processing ID: JGMVGN | Queue size: 235 | Saved: 71/None
2026-06-02 11:57:16,493 - INFO - Processing ID: G0WTU6 | Queue size: 239 | Saved: 71/None
2026-06-02 11:57:18,017 - INFO - Processing ID: K6KHQV | Queue size: 241 | Saved: 71/None
2026-06-02 11:57:19,690 - INFO - Processing ID: FQFATW | Queue size: 240 | Saved: 71/None
2026-06-02 11:57:21,636 - INFO - Processing ID: A8AOS8 | Queue size: 243 | Saved: 71/None
2026-06-02 11:57:23,136 - INFO - Processing ID: CVOA4G | Queue size: 246 | Saved: 71/None
2026-06-02 11:57:24,809 - INFO - Processing ID: 8SVRDQ | Queue size: 247 | Saved: 71/None
2026-06-02 11:57:26,362 - INFO - Processing ID: 8EJH7H | Queue size: 246 | Saved: 71/None
2026-06-02 11:57:27,694 - INFO - Processing ID: WB8MOK | Queue size: 247 | Saved: 71/None
2026-06-02 11:57:29,843 - INFO - Processing ID: B0FXLQ | Queue size: 247 | Saved: 71/None
2026-06-02 11:57:31,968 - INFO - Processing ID: 1VB2DA | Queue size: 247 | Saved: 71/None
2026-06-02 11:57:33,878 - INFO - Processing ID: KG5U9W | Queue size: 246 | Saved: 71/None
2026-06-02 11:57:35,575 - INFO - Processing ID: ENUV27 | Queue size: 245 | Saved: 71/None
2026-06-02 11:57:37,101 - INFO - Processing ID: GFVOKC | Queue size: 244 | Saved: 71/None
2026-06-02 11:57:39,253 - INFO - Processing ID: RVCMYP | Queue size: 252 | Saved: 72/None
2026-06-02 11:57:40,667 - INFO - Processing ID: 1C90KE | Queue size: 259 | Saved: 73/None
2026-06-02 11:57:42,704 - INFO - Processing ID: D8IFPU | Queue size: 265 | Saved: 74/None
2026-06-02 11:57:44,178 - INFO - Processing ID: WR37QD | Queue size: 270 | Saved: 74/None
2026-06-02 11:57:45,491 - INFO - Processing ID: RWDLSB | Queue size: 274 | Saved: 75/None
2026-06-02 11:57:47,213 - INFO - Processing ID: HAEC13 | Queue size: 278 | Saved: 77/None
2026-06-02 11:57:48,952 - INFO - Processing ID: JBHKJD | Queue size: 281 | Saved: 77/None
2026-06-02 11:57:50,887 - INFO - Processing ID: APGINU | Queue size: 284 | Saved: 79/None
2026-06-02 11:57:52,518 - INFO - Processing ID: 76TF8G | Queue size: 284 | Saved: 79/None
2026-06-02 11:57:54,678 - INFO - Processing ID: R92H6O | Queue size: 293 | Saved: 88/None
2026-06-02 11:57:56,650 - INFO - Processing ID: NQXHIS | Queue size: 301 | Saved: 91/None
2026-06-02 11:57:58,580 - INFO - Processing ID: UBJE23 | Queue size: 308 | Saved: 91/None
2026-06-02 11:58:00,529 - INFO - Processing ID: XPFVXU | Queue size: 314 | Saved: 91/None
2026-06-02 11:58:02,760 - INFO - Processing ID: WLDBQJ | Queue size: 319 | Saved: 91/None
2026-06-02 11:58:04,311 - INFO - Processing ID: EDQTI5 | Queue size: 323 | Saved: 91/None
2026-06-02 11:58:06,130 - INFO - Processing ID: SSH64A | Queue size: 326 | Saved: 91/None
2026-06-02 11:58:08,153 - INFO - Processing ID: TOVPUK | Queue size: 328 | Saved: 91/None
2026-06-02 11:58:09,841 - INFO - Processing ID: RUVX4T | Queue size: 330 | Saved: 92/None
2026-06-02 11:58:11,294 - INFO - Processing ID: J4PPLA | Queue size: 331 | Saved: 92/None
2026-06-02 11:58:12,530 - INFO - Processing ID: AWAIUQ | Queue size: 91 | Saved: 92/None
2026-06-02 11:58:13,982 - INFO - Processing ID: KQ7EJS | Queue size: 95 | Saved: 93/None
2026-06-02 11:58:15,908 - INFO - Processing ID: K7DOCY | Queue size: 85 | Saved: 94/None
2026-06-02 11:58:17,777 - INFO - Processing ID: 57PHOW | Queue size: 91 | Saved: 95/None
2026-06-02 11:58:19,549 - INFO - Processing ID: 1DGGO3 | Queue size: 96 | Saved: 95/None
2026-06-02 11:58:20,933 - INFO - Processing ID: JNBB1R | Queue size: 96 | Saved: 95/None
2026-06-02 11:58:22,980 - INFO - Processing ID: AGTQLQ | Queue size: 100 | Saved: 95/None
2026-06-02 11:58:25,216 - INFO - Processing ID: AZJWWM | Queue size: 101 | Saved: 95/None
2026-06-02 11:58:28,091 - INFO - Processing ID: 5PCEQB | Queue size: 107 | Saved: 95/None
2026-06-02 11:58:29,636 - INFO - Processing ID: GHUBUD | Queue size: 113 | Saved: 95/None
2026-06-02 11:58:31,030 - INFO - Processing ID: PKBTXB | Queue size: 117 | Saved: 95/None
2026-06-02 11:58:32,964 - INFO - Processing ID: VZV0CL | Queue size: 120 | Saved: 95/None
2026-06-02 11:58:34,782 - INFO - Processing ID: 256LCD | Queue size: 122 | Saved: 95/None
2026-06-02 11:58:36,607 - INFO - Processing ID: 8A7FDV | Queue size: 125 | Saved: 95/None
2026-06-02 11:58:38,191 - INFO - Processing ID: NWXUSS | Queue size: 126 | Saved: 95/None
2026-06-02 11:58:40,515 - INFO - Processing ID: GRK5G5 | Queue size: 126 | Saved: 95/None
2026-06-02 11:58:41,795 - INFO - Processing ID: 2NEB8Y | Queue size: 124 | Saved: 95/None
2026-06-02 11:58:43,132 - INFO - Processing ID: DXJE9S | Queue size: 124 | Saved: 96/None
2026-06-02 11:58:44,990 - INFO - Processing ID: RAFYX0 | Queue size: 89 | Saved: 99/None
2026-06-02 11:58:47,160 - INFO - Processing ID: K9ZZFF | Queue size: 87 | Saved: 100/None
2026-06-02 11:58:48,914 - INFO - Processing ID: 84ZWPI | Queue size: 81 | Saved: 101/None
2026-06-02 11:58:51,148 - INFO - Processing ID: V18INH | Queue size: 75 | Saved: 101/None
2026-06-02 11:58:52,531 - INFO - Processing ID: NERYSZ | Queue size: 16 | Saved: 102/None
2026-06-02 11:58:54,136 - INFO - Processing ID: 12SSOD | Queue size: 17 | Saved: 102/None
2026-06-02 11:58:56,541 - INFO - Processing ID: JSAXXA | Queue size: 19 | Saved: 102/None
2026-06-02 11:58:58,387 - INFO - Processing ID: VA8L9R | Queue size: 20 | Saved: 102/None
2026-06-02 11:59:00,091 - INFO - Processing ID: BWHZBB | Queue size: 15 | Saved: 102/None
2026-06-02 11:59:01,787 - INFO - Processing ID: 5LSEAI | Queue size: 15 | Saved: 104/None
2026-06-02 11:59:03,067 - INFO - Processing ID: QIYTNZ | Queue size: 14 | Saved: 104/None
2026-06-02 11:59:04,485 - INFO - Processing ID: PQT2U2 | Queue size: 2 | Saved: 104/None
2026-06-02 11:59:06,661 - INFO - Processing ID: GZM8LI | Queue size: 3 | Saved: 105/None
2026-06-02 11:59:08,163 - INFO - Processing ID: CKATZY | Queue size: 2 | Saved: 105/None
2026-06-02 11:59:11,409 - INFO - Crawler finished. Total saved: 105. Time taken: 194.50 seconds.
2026-06-02 11:59:11,409 - INFO - Data saved to /Users/nghia/Documents/web_scraping_system/Method 1: API crawling/data/properties_data.jsonl
