2026-06-02 09:55:07,661 - INFO - Initializing Scraper Pipeline...
2026-06-02 09:55:07,661 - INFO - Starting BFS Crawler with Seed ID: 7LVMFB, Target: 500
2026-06-02 09:55:07,661 - INFO - Initializing Vinhomes project filter...
2026-06-02 09:55:08,876 - ERROR - Error parsing Vinhomes project IDs: 'str' object has no attribute 'get'
2026-06-02 09:55:08,876 - INFO - Loaded 0 Vinhomes projects.
2026-06-02 09:55:08,876 - INFO - Processing ID: 7LVMFB | Queue size: 0 | Saved: 0/500
2026-06-02 09:55:10,578 - INFO - Processing ID: H0CEOM | Queue size: 9 | Saved: 10/500
2026-06-02 09:55:12,570 - INFO - Processing ID: V5MQXJ | Queue size: 17 | Saved: 20/500
2026-06-02 09:55:14,170 - INFO - Processing ID: K8J7B8 | Queue size: 24 | Saved: 30/500
2026-06-02 09:55:16,196 - INFO - Processing ID: P86LEF | Queue size: 30 | Saved: 40/500
2026-06-02 09:55:17,880 - INFO - Processing ID: UKWJ5O | Queue size: 36 | Saved: 50/500
2026-06-02 09:55:20,041 - INFO - Processing ID: SHIRFZ | Queue size: 42 | Saved: 60/500
2026-06-02 09:55:22,114 - INFO - Processing ID: A71QJT | Queue size: 48 | Saved: 70/500
2026-06-02 09:55:24,187 - INFO - Processing ID: NC3VAR | Queue size: 55 | Saved: 80/500
2026-06-02 09:55:26,025 - INFO - Processing ID: 4KU6AK | Queue size: 61 | Saved: 90/500
2026-06-02 09:55:28,579 - INFO - Processing ID: MTIA6F | Queue size: 65 | Saved: 100/500
2026-06-02 09:55:30,380 - INFO - Processing ID: ZKUJDA | Queue size: 69 | Saved: 110/500
2026-06-02 09:55:33,108 - INFO - Processing ID: PQVNRY | Queue size: 75 | Saved: 120/500
2026-06-02 09:55:36,125 - INFO - Processing ID: HDHZ52 | Queue size: 78 | Saved: 130/500
2026-06-02 09:55:37,513 - INFO - Processing ID: K2S7JV | Queue size: 78 | Saved: 140/500
2026-06-02 09:55:39,974 - INFO - Processing ID: E8TE62 | Queue size: 79 | Saved: 150/500
2026-06-02 09:55:41,833 - INFO - Processing ID: QJDYL6 | Queue size: 79 | Saved: 160/500
2026-06-02 09:55:43,833 - INFO - Processing ID: QSE5EO | Queue size: 85 | Saved: 170/500
2026-06-02 09:55:45,534 - INFO - Processing ID: 9HKZOQ | Queue size: 89 | Saved: 180/500
2026-06-02 09:55:47,577 - INFO - Processing ID: AK4FHN | Queue size: 94 | Saved: 190/500
2026-06-02 09:55:50,090 - INFO - Processing ID: OKWU6Y | Queue size: 96 | Saved: 200/500
2026-06-02 09:55:51,502 - INFO - Processing ID: BFFQU1 | Queue size: 99 | Saved: 210/500
2026-06-02 09:55:53,766 - INFO - Processing ID: V1DOGQ | Queue size: 97 | Saved: 220/500
2026-06-02 09:55:56,756 - INFO - Processing ID: XQ9UJU | Queue size: 97 | Saved: 230/500
2026-06-02 09:55:58,616 - INFO - Processing ID: B9J1ZV | Queue size: 104 | Saved: 240/500
2026-06-02 09:56:00,794 - INFO - Processing ID: KRAIUI | Queue size: 95 | Saved: 250/500
2026-06-02 09:56:03,002 - INFO - Processing ID: 6VFQTH | Queue size: 96 | Saved: 260/500
2026-06-02 09:56:05,335 - INFO - Processing ID: ATZZD9 | Queue size: 77 | Saved: 270/500
2026-06-02 09:56:06,889 - INFO - Processing ID: ZZWDFA | Queue size: 76 | Saved: 280/500
2026-06-02 09:56:08,457 - INFO - Processing ID: YP2JEC | Queue size: 76 | Saved: 290/500
2026-06-02 09:56:10,303 - INFO - Processing ID: B7LAVR | Queue size: 65 | Saved: 300/500
2026-06-02 09:56:12,104 - INFO - Processing ID: ETHREC | Queue size: 70 | Saved: 310/500
2026-06-02 09:56:13,694 - INFO - Processing ID: VS6KHU | Queue size: 76 | Saved: 320/500
2026-06-02 09:56:15,967 - INFO - Processing ID: IQLD3R | Queue size: 78 | Saved: 330/500
2026-06-02 09:56:18,317 - INFO - Processing ID: 4NKVXG | Queue size: 83 | Saved: 340/500
2026-06-02 09:56:20,072 - INFO - Processing ID: SDPNGO | Queue size: 87 | Saved: 350/500
2026-06-02 09:56:21,877 - INFO - Processing ID: WVMEYY | Queue size: 89 | Saved: 360/500
2026-06-02 09:56:23,879 - INFO - Processing ID: NFKSW6 | Queue size: 93 | Saved: 370/500
2026-06-02 09:56:26,098 - INFO - Processing ID: JGMVGN | Queue size: 91 | Saved: 380/500
2026-06-02 09:56:28,445 - INFO - Processing ID: G0WTU6 | Queue size: 89 | Saved: 390/500
2026-06-02 09:56:30,831 - INFO - Processing ID: K6KHQV | Queue size: 82 | Saved: 400/500
2026-06-02 09:56:32,879 - INFO - Processing ID: FQFATW | Queue size: 79 | Saved: 410/500
2026-06-02 09:56:34,441 - INFO - Processing ID: A8AOS8 | Queue size: 81 | Saved: 420/500
2026-06-02 09:56:37,630 - INFO - Processing ID: CVOA4G | Queue size: 81 | Saved: 430/500
2026-06-02 09:56:39,070 - INFO - Processing ID: 8SVRDQ | Queue size: 76 | Saved: 440/500
2026-06-02 09:56:40,706 - INFO - Processing ID: 8EJH7H | Queue size: 66 | Saved: 450/500
2026-06-02 09:56:42,433 - INFO - Processing ID: WB8MOK | Queue size: 59 | Saved: 460/500
2026-06-02 09:56:43,972 - INFO - Processing ID: B0FXLQ | Queue size: 46 | Saved: 470/500
2026-06-02 09:56:45,509 - INFO - Processing ID: 1VB2DA | Queue size: 36 | Saved: 480/500
2026-06-02 09:56:55,515 - ERROR - Exception during get_similar_properties for ID 1VB2DA: Failed to perform, curl: (28) Operation timed out after 10002 milliseconds with 0 bytes received. See https://curl.se/libcurl/c/libcurl-errors.html first for more details.
2026-06-02 09:56:56,572 - INFO - Processing ID: KG5U9W | Queue size: 16 | Saved: 480/500
2026-06-02 09:56:58,326 - INFO - Processing ID: ENUV27 | Queue size: 14 | Saved: 490/500
2026-06-02 09:57:00,468 - INFO - Crawler finished. Total saved: 500. Time taken: 112.81 seconds.
2026-06-02 09:57:00,468 - INFO - Data saved to /Users/nghia/Documents/web_scraping_system/Method 1: API crawling/data/properties_1780368907.jsonl
