2026-06-02 11:51:46,889 - INFO - Khởi tạo Crawler với thuật toán BFS...
2026-06-02 11:51:46,889 - INFO - Starting BFS Crawler with Seed IDs: ['DZAII9', 'MAAXVL', '5W0OGE'], Target: None
2026-06-02 11:51:46,889 - INFO - Initializing Vinhomes project filter...
2026-06-02 11:51:47,259 - ERROR - Error parsing Vinhomes project IDs: 'str' object has no attribute 'get'
2026-06-02 11:51:47,260 - INFO - Loaded 0 Vinhomes projects.
2026-06-02 11:51:47,260 - INFO - Processing ID: DZAII9 | Queue size: 2 | Saved: 0/None
2026-06-02 11:51:49,369 - INFO - Processing ID: MAAXVL | Queue size: 11 | Saved: 10/None
2026-06-02 11:51:51,237 - INFO - Processing ID: 5W0OGE | Queue size: 10 | Saved: 10/None
2026-06-02 11:51:52,917 - INFO - Processing ID: GFVOKC | Queue size: 19 | Saved: 20/None
2026-06-02 11:51:54,778 - INFO - Processing ID: RVCMYP | Queue size: 27 | Saved: 21/None
2026-06-02 11:51:56,363 - INFO - Processing ID: 1C90KE | Queue size: 34 | Saved: 22/None
2026-06-02 11:51:58,453 - INFO - Processing ID: D8IFPU | Queue size: 40 | Saved: 23/None
2026-06-02 11:52:00,597 - INFO - Processing ID: WR37QD | Queue size: 45 | Saved: 23/None
2026-06-02 11:52:02,720 - INFO - Processing ID: RWDLSB | Queue size: 49 | Saved: 24/None
2026-06-02 11:52:04,638 - INFO - Processing ID: HAEC13 | Queue size: 53 | Saved: 26/None
2026-06-02 11:52:06,849 - INFO - Processing ID: JBHKJD | Queue size: 56 | Saved: 26/None
2026-06-02 11:52:08,729 - INFO - Processing ID: APGINU | Queue size: 59 | Saved: 28/None
2026-06-02 11:52:10,717 - INFO - Processing ID: 76TF8G | Queue size: 59 | Saved: 28/None
2026-06-02 11:52:12,203 - INFO - Processing ID: R92H6O | Queue size: 68 | Saved: 37/None
2026-06-02 11:52:14,284 - INFO - Processing ID: NQXHIS | Queue size: 76 | Saved: 40/None
2026-06-02 11:52:16,049 - INFO - Processing ID: UBJE23 | Queue size: 83 | Saved: 40/None
2026-06-02 11:52:17,513 - INFO - Processing ID: XPFVXU | Queue size: 89 | Saved: 40/None
2026-06-02 11:52:18,879 - INFO - Processing ID: WLDBQJ | Queue size: 94 | Saved: 40/None
2026-06-02 11:52:20,831 - INFO - Processing ID: EDQTI5 | Queue size: 98 | Saved: 40/None
2026-06-02 11:52:22,667 - INFO - Processing ID: SSH64A | Queue size: 101 | Saved: 40/None
2026-06-02 11:52:24,514 - INFO - Processing ID: TOVPUK | Queue size: 103 | Saved: 40/None
2026-06-02 11:52:26,348 - INFO - Processing ID: RUVX4T | Queue size: 105 | Saved: 41/None
2026-06-02 11:52:27,961 - INFO - Processing ID: J4PPLA | Queue size: 106 | Saved: 41/None
2026-06-02 11:52:30,264 - INFO - Processing ID: AWAIUQ | Queue size: 91 | Saved: 41/None
2026-06-02 11:52:32,173 - INFO - Processing ID: KQ7EJS | Queue size: 95 | Saved: 42/None
2026-06-02 11:52:33,542 - INFO - Processing ID: K7DOCY | Queue size: 85 | Saved: 43/None
2026-06-02 11:52:34,996 - INFO - Processing ID: 57PHOW | Queue size: 91 | Saved: 44/None
2026-06-02 11:52:37,106 - INFO - Processing ID: 1DGGO3 | Queue size: 96 | Saved: 44/None
2026-06-02 11:52:38,549 - INFO - Processing ID: JNBB1R | Queue size: 96 | Saved: 44/None
2026-06-02 11:52:40,066 - INFO - Processing ID: AGTQLQ | Queue size: 100 | Saved: 44/None
2026-06-02 11:52:41,460 - INFO - Processing ID: AZJWWM | Queue size: 101 | Saved: 44/None
2026-06-02 11:52:43,829 - INFO - Processing ID: 5PCEQB | Queue size: 107 | Saved: 44/None
2026-06-02 11:52:45,506 - INFO - Processing ID: GHUBUD | Queue size: 113 | Saved: 44/None
2026-06-02 11:52:47,621 - INFO - Processing ID: PKBTXB | Queue size: 117 | Saved: 44/None
2026-06-02 11:52:49,697 - INFO - Processing ID: VZV0CL | Queue size: 120 | Saved: 44/None
2026-06-02 11:52:51,645 - INFO - Processing ID: 256LCD | Queue size: 122 | Saved: 44/None
2026-06-02 11:52:53,891 - INFO - Processing ID: 8A7FDV | Queue size: 125 | Saved: 44/None
2026-06-02 11:52:55,337 - INFO - Processing ID: NWXUSS | Queue size: 126 | Saved: 44/None
2026-06-02 11:52:57,341 - INFO - Processing ID: GRK5G5 | Queue size: 126 | Saved: 44/None
2026-06-02 11:52:59,509 - INFO - Processing ID: 2NEB8Y | Queue size: 124 | Saved: 44/None
2026-06-02 11:53:01,392 - INFO - Processing ID: DXJE9S | Queue size: 124 | Saved: 45/None
2026-06-02 11:53:03,516 - INFO - Processing ID: RAFYX0 | Queue size: 89 | Saved: 48/None
2026-06-02 11:53:05,761 - INFO - Processing ID: K9ZZFF | Queue size: 87 | Saved: 49/None
2026-06-02 11:53:07,806 - INFO - Processing ID: 84ZWPI | Queue size: 81 | Saved: 50/None
2026-06-02 11:53:09,842 - INFO - Processing ID: V18INH | Queue size: 75 | Saved: 50/None
2026-06-02 11:53:11,575 - INFO - Processing ID: NERYSZ | Queue size: 16 | Saved: 51/None
2026-06-02 11:53:12,961 - INFO - Processing ID: 12SSOD | Queue size: 17 | Saved: 51/None
2026-06-02 11:53:14,720 - INFO - Processing ID: JSAXXA | Queue size: 19 | Saved: 51/None
2026-06-02 11:53:16,458 - INFO - Processing ID: VA8L9R | Queue size: 20 | Saved: 51/None
2026-06-02 11:53:18,577 - INFO - Processing ID: BWHZBB | Queue size: 15 | Saved: 51/None
2026-06-02 11:53:20,324 - INFO - Processing ID: 5LSEAI | Queue size: 15 | Saved: 53/None
2026-06-02 11:53:22,065 - INFO - Processing ID: QIYTNZ | Queue size: 14 | Saved: 53/None
2026-06-02 11:53:24,199 - INFO - Processing ID: PQT2U2 | Queue size: 2 | Saved: 53/None
2026-06-02 11:53:25,818 - INFO - Processing ID: GZM8LI | Queue size: 3 | Saved: 54/None
2026-06-02 11:53:27,751 - INFO - Processing ID: CKATZY | Queue size: 2 | Saved: 54/None
2026-06-02 11:53:29,624 - INFO - Crawler finished. Total saved: 54. Time taken: 102.73 seconds.
2026-06-02 11:53:29,624 - INFO - Data saved to /Users/nghia/Documents/web_scraping_system/Method 1: API crawling/data/properties_1780375906.jsonl
