2026-06-02 11:19:33,999 - INFO - Initializing Scraper Pipeline...
2026-06-02 11:19:34,000 - INFO - Resuming from /Users/nghia/Documents/web_scraping_system/Method 1: API crawling/data/properties_data.jsonl...
2026-06-02 11:19:34,006 - INFO - Loaded 51 existing properties.
2026-06-02 11:19:34,006 - INFO - Starting BFS Crawler with Seed ID: None, Target: None
2026-06-02 11:19:34,006 - INFO - Initializing Vinhomes project filter...
2026-06-02 11:19:34,329 - ERROR - Error parsing Vinhomes project IDs: 'str' object has no attribute 'get'
2026-06-02 11:19:34,329 - INFO - Loaded 0 Vinhomes projects.
2026-06-02 11:19:34,329 - INFO - Processing ID: H0CEOM | Queue size: 50 | Saved: 51/None
2026-06-02 11:19:35,855 - INFO - Processing ID: V5MQXJ | Queue size: 59 | Saved: 51/None
2026-06-02 11:19:37,330 - INFO - Processing ID: K8J7B8 | Queue size: 67 | Saved: 51/None
2026-06-02 11:19:39,831 - INFO - Processing ID: P86LEF | Queue size: 74 | Saved: 51/None
2026-06-02 11:19:41,445 - INFO - Processing ID: UKWJ5O | Queue size: 81 | Saved: 51/None
2026-06-02 11:19:42,845 - INFO - Processing ID: SHIRFZ | Queue size: 88 | Saved: 51/None
2026-06-02 11:19:44,362 - INFO - Processing ID: A71QJT | Queue size: 95 | Saved: 51/None
2026-06-02 11:19:46,145 - INFO - Processing ID: NC3VAR | Queue size: 103 | Saved: 51/None
2026-06-02 11:19:48,259 - INFO - Processing ID: 4KU6AK | Queue size: 110 | Saved: 51/None
2026-06-02 11:19:49,825 - INFO - Processing ID: MTIA6F | Queue size: 115 | Saved: 51/None
2026-06-02 11:19:51,883 - INFO - Processing ID: 7LVMFB | Queue size: 121 | Saved: 51/None
2026-06-02 11:19:54,127 - INFO - Processing ID: ZKUJDA | Queue size: 120 | Saved: 51/None
2026-06-02 11:19:56,093 - INFO - Processing ID: PQVNRY | Queue size: 128 | Saved: 51/None
2026-06-02 11:19:57,674 - INFO - Processing ID: HDHZ52 | Queue size: 132 | Saved: 51/None
2026-06-02 11:19:59,446 - INFO - Processing ID: K2S7JV | Queue size: 136 | Saved: 51/None
2026-06-02 11:20:01,722 - INFO - Processing ID: E8TE62 | Queue size: 144 | Saved: 51/None
2026-06-02 11:20:03,774 - INFO - Processing ID: QJDYL6 | Queue size: 149 | Saved: 51/None
2026-06-02 11:20:05,803 - INFO - Processing ID: QSE5EO | Queue size: 155 | Saved: 51/None
2026-06-02 11:20:07,789 - INFO - Processing ID: 9HKZOQ | Queue size: 160 | Saved: 51/None
2026-06-02 11:20:09,379 - INFO - Processing ID: AK4FHN | Queue size: 165 | Saved: 51/None
2026-06-02 11:20:10,793 - INFO - Processing ID: OKWU6Y | Queue size: 168 | Saved: 51/None
2026-06-02 11:20:12,911 - INFO - Processing ID: BFFQU1 | Queue size: 171 | Saved: 51/None
2026-06-02 11:20:14,589 - INFO - Processing ID: V1DOGQ | Queue size: 170 | Saved: 51/None
2026-06-02 11:20:15,979 - INFO - Processing ID: XQ9UJU | Queue size: 171 | Saved: 51/None
2026-06-02 11:20:17,361 - INFO - Processing ID: B9J1ZV | Queue size: 178 | Saved: 51/None
2026-06-02 11:20:19,219 - INFO - Processing ID: KRAIUI | Queue size: 179 | Saved: 51/None
2026-06-02 11:20:21,171 - INFO - Processing ID: 6VFQTH | Queue size: 181 | Saved: 51/None
2026-06-02 11:20:22,699 - INFO - Processing ID: ATZZD9 | Queue size: 183 | Saved: 51/None
2026-06-02 11:20:24,693 - INFO - Processing ID: ZZWDFA | Queue size: 182 | Saved: 51/None
2026-06-02 11:20:26,267 - INFO - Processing ID: YP2JEC | Queue size: 184 | Saved: 51/None
2026-06-02 11:20:28,518 - INFO - Processing ID: B7LAVR | Queue size: 186 | Saved: 51/None
2026-06-02 11:20:30,449 - INFO - Processing ID: ETHREC | Queue size: 191 | Saved: 51/None
2026-06-02 11:20:32,295 - INFO - Processing ID: VS6KHU | Queue size: 197 | Saved: 51/None
2026-06-02 11:20:34,802 - INFO - Processing ID: IQLD3R | Queue size: 200 | Saved: 51/None
2026-06-02 11:20:36,538 - INFO - Processing ID: 4NKVXG | Queue size: 205 | Saved: 51/None
2026-06-02 11:20:38,060 - INFO - Processing ID: SDPNGO | Queue size: 209 | Saved: 51/None
2026-06-02 11:20:39,695 - INFO - Processing ID: WVMEYY | Queue size: 211 | Saved: 51/None
2026-06-02 11:20:41,455 - INFO - Processing ID: NFKSW6 | Queue size: 215 | Saved: 51/None
2026-06-02 11:20:43,669 - INFO - Processing ID: JGMVGN | Queue size: 215 | Saved: 51/None
2026-06-02 11:20:45,603 - INFO - Processing ID: G0WTU6 | Queue size: 219 | Saved: 51/None
2026-06-02 11:20:47,022 - INFO - Processing ID: K6KHQV | Queue size: 221 | Saved: 51/None
2026-06-02 11:20:49,258 - INFO - Processing ID: FQFATW | Queue size: 220 | Saved: 51/None
2026-06-02 11:20:50,789 - INFO - Processing ID: A8AOS8 | Queue size: 223 | Saved: 51/None
2026-06-02 11:20:52,528 - INFO - Processing ID: CVOA4G | Queue size: 226 | Saved: 51/None
2026-06-02 11:20:54,324 - INFO - Processing ID: 8SVRDQ | Queue size: 227 | Saved: 51/None
2026-06-02 11:20:56,339 - INFO - Processing ID: 8EJH7H | Queue size: 226 | Saved: 51/None
2026-06-02 11:20:58,135 - INFO - Processing ID: WB8MOK | Queue size: 227 | Saved: 51/None
2026-06-02 11:21:00,493 - INFO - Processing ID: B0FXLQ | Queue size: 227 | Saved: 51/None
2026-06-02 11:21:02,090 - INFO - Processing ID: 1VB2DA | Queue size: 227 | Saved: 51/None
2026-06-02 11:21:04,295 - INFO - Processing ID: KG5U9W | Queue size: 226 | Saved: 51/None
2026-06-02 11:21:06,118 - INFO - Processing ID: ENUV27 | Queue size: 225 | Saved: 51/None
2026-06-02 11:21:07,877 - INFO - Crawler finished. Total saved: 51. Time taken: 93.87 seconds.
2026-06-02 11:21:07,877 - INFO - Data saved to /Users/nghia/Documents/web_scraping_system/Method 1: API crawling/data/properties_data.jsonl
